<?xml version="1.0" encoding="UTF-8"?>
<!-- Generated by org.testng.reporters.JUnitXMLReporter -->
<testsuite ignored="0" hostname="DESKTOP-60NV4UB" failures="0" tests="3" name="chrome Test" time="16.11" errors="0" timestamp="2023-04-03T14:55:06 IST">
  <testcase classname="Maven_TestNG.Maven_TestNG.parametersDemo" name="testcase1" time="2.532"/>
  <testcase classname="Maven_TestNG.Maven_TestNG.parametersDemo" name="testcase2" time="1.576"/>
  <testcase classname="Maven_TestNG.Maven_TestNG.parametersDemo" name="verifysupport" time="0.797"/>
</testsuite> <!-- chrome Test -->
