<?xml version="1.0" encoding="UTF-8"?>
<!-- Generated by org.testng.reporters.JUnitXMLReporter -->
<testsuite ignored="0" hostname="DESKTOP-60NV4UB" failures="0" tests="3" name="Edge Test" time="97.799" errors="0" timestamp="2023-04-03T14:54:50 IST">
  <testcase classname="Maven_TestNG.Maven_TestNG.parametersDemo" name="testcase1" time="3.485"/>
  <testcase classname="Maven_TestNG.Maven_TestNG.parametersDemo" name="testcase2" time="3.804"/>
  <testcase classname="Maven_TestNG.Maven_TestNG.parametersDemo" name="verifysupport" time="1.514"/>
</testsuite> <!-- Edge Test -->
