<?xml version="1.0" encoding="UTF-8"?>
<!-- Generated by org.testng.reporters.JUnitXMLReporter -->
<testsuite ignored="0" hostname="DESKTOP-60NV4UB" failures="0" tests="3" name="ParamTest" time="76.661" errors="0" timestamp="2023-03-29T17:55:24 IST">
  <testcase classname="Maven_TestNG.Maven_TestNG.parametersDemo" name="testcase1" time="4.385"/>
  <testcase classname="Maven_TestNG.Maven_TestNG.parametersDemo" name="testcase2" time="6.821"/>
  <testcase classname="Maven_TestNG.Maven_TestNG.parametersDemo" name="verifysupport" time="3.384"/>
</testsuite> <!-- ParamTest -->
