<?xml version="1.0" encoding="UTF-8"?>
<!-- Generated by org.testng.reporters.JUnitXMLReporter -->
<testsuite ignored="0" hostname="DESKTOP-60NV4UB" failures="0" tests="3" name="Testcase1Test" time="14.161" errors="0" timestamp="2023-03-29T13:24:52 IST">
  <testcase classname="Maven_TestNG.Maven_TestNG.TestCase1" name="testcase1" time="3.141"/>
  <testcase classname="Maven_TestNG.Maven_TestNG.TestCase1" name="testcase2" time="1.011"/>
  <testcase classname="Maven_TestNG.Maven_TestNG.TestCase1" name="verifysupport" time="1.679"/>
</testsuite> <!-- Testcase1Test -->
